<?xml version="1.0" encoding="UTF-8"?>
<!-- Generated by org.testng.reporters.JUnitXMLReporter -->
<testsuite hostname="Shiva" name="Sprint1(failed)" tests="1" failures="1" timestamp="18 Sep 2017 19:23:28 GMT" time="0.111" errors="0">
  <testcase name="testWord" time="0.04" classname="testNGClasses.TestCase3">
    <failure type="java.lang.AssertionError">
      <![CDATA[java.lang.AssertionError
	at org.junit.Assert.fail(Assert.java:86)
	at org.junit.Assert.assertTrue(Assert.java:41)
	at org.junit.Assert.assertTrue(Assert.java:52)
	at testNGClasses.TestCase3.testWord(TestCase3.java:11)
	at Runner.TestRunner.main(TestRunner.java:17)
... Removed 21 stack frames]]>
    </failure>
  </testcase> <!-- testWord -->
</testsuite> <!-- Sprint1(failed) -->
